Using pre-set license
Built from '2020.3/release' branch; Version is '2020.3.31f1 (6b54b7616050) revision 7034039'; Using compiler version '192528614'; Build Type 'Release'
OS: 'Windows 11  (10.0.22000) 64bit CoreSingleLanguage' Language: 'ru' Physical Memory: 16163 MB
BatchMode: 1, IsHumanControllingUs: 0, StartBugReporterOnCrash: 0, Is64bit: 1, IsPro: 0

COMMAND LINE ARGUMENTS:
C:\Program Files\Unity\Hub\Editor\2020.3.31f1\Editor\Unity.exe
-adb2
-batchMode
-noUpm
-name
AssetImportWorker0
-projectPath
C:/Users/User/AndroidUnitySample/Vr-game for kids
-logFile
Logs/AssetImportWorker0.log
-srvPort
63698
Successfully changed project path to: C:/Users/User/AndroidUnitySample/Vr-game for kids
C:/Users/User/AndroidUnitySample/Vr-game for kids
Using Asset Import Pipeline V2.
Refreshing native plugins compatible for Editor in 47.46 ms, found 2 plugins.
Preloading 0 native plugins for Editor in 0.00 ms.
Initialize engine version: 2020.3.31f1 (6b54b7616050)
[Subsystems] Discovering subsystems at path C:/Program Files/Unity/Hub/Editor/2020.3.31f1/Editor/Data/Resources/UnitySubsystems
[Subsystems] Discovering subsystems at path C:/Users/User/AndroidUnitySample/Vr-game for kids/Assets
GfxDevice: creating device client; threaded=0
Direct3D:
    Version:  Direct3D 11.0 [level 11.1]
    Renderer: NVIDIA GeForce RTX 3050 Ti Laptop GPU (ID=0x25a0)
    Vendor:   
    VRAM:     3990 MB
    Driver:   30.0.15.1215
Initialize mono
Mono path[0] = 'C:/Program Files/Unity/Hub/Editor/2020.3.31f1/Editor/Data/Managed'
Mono path[1] = 'C:/Program Files/Unity/Hub/Editor/2020.3.31f1/Editor/Data/MonoBleedingEdge/lib/mono/unityjit'
Mono config path = 'C:/Program Files/Unity/Hub/Editor/2020.3.31f1/Editor/Data/MonoBleedingEdge/etc'
Using monoOptions --debugger-agent=transport=dt_socket,embedding=1,server=y,suspend=n,address=127.0.0.1:56868
Begin MonoManager ReloadAssembly
Registering precompiled unity dll's ...
Register platform support module: C:/Program Files/Unity/Hub/Editor/2020.3.31f1/Editor/Data/PlaybackEngines/WindowsStandaloneSupport/UnityEditor.WindowsStandalone.Extensions.dll
Registered in 0.001078 seconds.
Native extension for WindowsStandalone target not found
Refreshing native plugins compatible for Editor in 35.97 ms, found 2 plugins.
Preloading 0 native plugins for Editor in 0.00 ms.
Mono: successfully reloaded assembly
- Completed reload, in  0.457 seconds
Domain Reload Profiling:
	ReloadAssembly (457ms)
		BeginReloadAssembly (45ms)
			ExecutionOrderSort (0ms)
			DisableScriptedObjects (0ms)
			BackupInstance (0ms)
			ReleaseScriptingObjects (0ms)
			CreateAndSetChildDomain (1ms)
		EndReloadAssembly (358ms)
			LoadAssemblies (43ms)
			RebuildTransferFunctionScriptingTraits (0ms)
			SetupTypeCache (108ms)
			ReleaseScriptCaches (0ms)
			RebuildScriptCaches (21ms)
			SetupLoadedEditorAssemblies (129ms)
				LogAssemblyErrors (0ms)
				InitializePlatformSupportModulesInManaged (3ms)
				SetLoadedEditorAssemblies (0ms)
				RefreshPlugins (36ms)
				BeforeProcessingInitializeOnLoad (7ms)
				ProcessInitializeOnLoadAttributes (61ms)
				ProcessInitializeOnLoadMethodAttributes (22ms)
				AfterProcessingInitializeOnLoad (0ms)
				EditorAssembliesLoaded (0ms)
			ExecutionOrderSort2 (0ms)
			AwakeInstancesAfterBackupRestoration (0ms)
Platform modules already initialized, skipping
Registering precompiled user dll's ...
Registered in 0.002150 seconds.
Begin MonoManager ReloadAssembly
OnLevelWasLoaded was found on Cardboard
This message has been deprecated and will be removed in a later version of Unity.
Add a delegate to SceneManager.sceneLoaded instead to get notifications after scene loading has completed
Native extension for WindowsStandalone target not found
Refreshing native plugins compatible for Editor in 32.71 ms, found 2 plugins.
Preloading 0 native plugins for Editor in 0.00 ms.
Mono: successfully reloaded assembly
- Completed reload, in  0.860 seconds
Domain Reload Profiling:
	ReloadAssembly (861ms)
		BeginReloadAssembly (122ms)
			ExecutionOrderSort (0ms)
			DisableScriptedObjects (4ms)
			BackupInstance (0ms)
			ReleaseScriptingObjects (0ms)
			CreateAndSetChildDomain (22ms)
		EndReloadAssembly (696ms)
			LoadAssemblies (66ms)
			RebuildTransferFunctionScriptingTraits (0ms)
			SetupTypeCache (210ms)
			ReleaseScriptCaches (1ms)
			RebuildScriptCaches (38ms)
			SetupLoadedEditorAssemblies (302ms)
				LogAssemblyErrors (0ms)
				InitializePlatformSupportModulesInManaged (3ms)
				SetLoadedEditorAssemblies (0ms)
				RefreshPlugins (33ms)
				BeforeProcessingInitializeOnLoad (47ms)
				ProcessInitializeOnLoadAttributes (204ms)
				ProcessInitializeOnLoadMethodAttributes (11ms)
				AfterProcessingInitializeOnLoad (4ms)
				EditorAssembliesLoaded (0ms)
			ExecutionOrderSort2 (0ms)
			AwakeInstancesAfterBackupRestoration (5ms)
Platform modules already initialized, skipping
========================================================================
Worker process is ready to serve import requests
Launched and connected shader compiler UnityShaderCompiler.exe after 0.06 seconds
Refreshing native plugins compatible for Editor in 0.68 ms, found 2 plugins.
Preloading 0 native plugins for Editor in 0.00 ms.
Unloading 2054 Unused Serialized files (Serialized files now loaded: 0)
System memory in use before: 92.2 MB.
System memory in use after: 92.3 MB.

Unloading 20 unused Assets to reduce memory usage. Loaded Objects now: 2496.
Total: 4.228300 ms (FindLiveObjects: 0.266800 ms CreateObjectMapping: 0.103500 ms MarkObjects: 3.708200 ms  DeleteObjects: 0.130600 ms)

AssetImportParameters requested are different than current active one (requested -> active):
  custom:framework-win-MediaFoundation: 216162199b28c13a410421893ffa2e32 -> 
  custom:video-decoder-ogg-theora: a1e56fd34408186e4bbccfd4996cb3dc -> 
  custom:container-muxer-webm: aa71ff27fc2769a1b78a27578f13a17b -> 
  custom:container-demuxer-webm: 4f35f7cbe854078d1ac9338744f61a02 -> 
  custom:container-demuxer-ogg: 62fdf1f143b41e24485cea50d1cbac27 -> 
  custom:video-encoder-webm-vp8: eb34c28f22e8b96e1ab97ce403110664 -> 
  custom:video-decoder-webm-vp8: 9c59270c3fd7afecdb556c50c9e8de78 -> 
  custom:audio-decoder-ogg-vorbis: bf7c407c2cedff20999df2af8eb42d56 -> 
  custom:audio-encoder-webm-vorbis: bf7c407c2cedff20999df2af8eb42d56 -> 
========================================================================
Received Import Request.
  path: Assets/Furniture_ges1/scene.unity
  artifactKey: Guid(634c41117f48a1940933d58845b6f252) Importer(815301076,1909f56bfc062723c751e8b465ee728b)
Start importing Assets/Furniture_ges1/scene.unity using Guid(634c41117f48a1940933d58845b6f252) Importer(815301076,1909f56bfc062723c751e8b465ee728b)  -> (artifact id: 'fbe10c2067abcc1cf13c876661cb402b') in 0.006470 seconds 
========================================================================
Received Prepare
Refreshing native plugins compatible for Editor in 2.48 ms, found 2 plugins.
Preloading 0 native plugins for Editor in 0.00 ms.
Unloading 10 Unused Serialized files (Serialized files now loaded: 0)
System memory in use before: 50.6 MB.
System memory in use after: 50.7 MB.

Unloading 10 unused Assets to reduce memory usage. Loaded Objects now: 2496.
Total: 3.013200 ms (FindLiveObjects: 0.242300 ms CreateObjectMapping: 0.065300 ms MarkObjects: 2.650300 ms  DeleteObjects: 0.053500 ms)

AssetImportParameters requested are different than current active one (requested -> active):
  custom:framework-win-MediaFoundation: 216162199b28c13a410421893ffa2e32 -> 
  custom:video-decoder-ogg-theora: a1e56fd34408186e4bbccfd4996cb3dc -> 
  custom:container-muxer-webm: aa71ff27fc2769a1b78a27578f13a17b -> 
  custom:container-demuxer-webm: 4f35f7cbe854078d1ac9338744f61a02 -> 
  custom:container-demuxer-ogg: 62fdf1f143b41e24485cea50d1cbac27 -> 
  custom:video-encoder-webm-vp8: eb34c28f22e8b96e1ab97ce403110664 -> 
  custom:video-decoder-webm-vp8: 9c59270c3fd7afecdb556c50c9e8de78 -> 
  custom:audio-decoder-ogg-vorbis: bf7c407c2cedff20999df2af8eb42d56 -> 
  custom:audio-encoder-webm-vorbis: bf7c407c2cedff20999df2af8eb42d56 -> 
========================================================================
Received Prepare
Refreshing native plugins compatible for Editor in 2.73 ms, found 2 plugins.
Preloading 0 native plugins for Editor in 0.00 ms.
Unloading 10 Unused Serialized files (Serialized files now loaded: 0)
System memory in use before: 50.6 MB.
System memory in use after: 50.7 MB.

Unloading 10 unused Assets to reduce memory usage. Loaded Objects now: 2496.
Total: 3.666300 ms (FindLiveObjects: 0.129000 ms CreateObjectMapping: 0.039300 ms MarkObjects: 3.476500 ms  DeleteObjects: 0.020500 ms)

AssetImportParameters requested are different than current active one (requested -> active):
  custom:framework-win-MediaFoundation: 216162199b28c13a410421893ffa2e32 -> 
  custom:video-decoder-ogg-theora: a1e56fd34408186e4bbccfd4996cb3dc -> 
  custom:container-muxer-webm: aa71ff27fc2769a1b78a27578f13a17b -> 
  custom:container-demuxer-webm: 4f35f7cbe854078d1ac9338744f61a02 -> 
  custom:container-demuxer-ogg: 62fdf1f143b41e24485cea50d1cbac27 -> 
  custom:video-encoder-webm-vp8: eb34c28f22e8b96e1ab97ce403110664 -> 
  custom:video-decoder-webm-vp8: 9c59270c3fd7afecdb556c50c9e8de78 -> 
  custom:audio-decoder-ogg-vorbis: bf7c407c2cedff20999df2af8eb42d56 -> 
  custom:audio-encoder-webm-vorbis: bf7c407c2cedff20999df2af8eb42d56 -> 
========================================================================
Received Prepare
Refreshing native plugins compatible for Editor in 1.99 ms, found 2 plugins.
Preloading 0 native plugins for Editor in 0.00 ms.
Unloading 10 Unused Serialized files (Serialized files now loaded: 0)
System memory in use before: 50.6 MB.
System memory in use after: 50.7 MB.

Unloading 10 unused Assets to reduce memory usage. Loaded Objects now: 2496.
Total: 2.730000 ms (FindLiveObjects: 0.192500 ms CreateObjectMapping: 0.063300 ms MarkObjects: 2.449300 ms  DeleteObjects: 0.023800 ms)

AssetImportParameters requested are different than current active one (requested -> active):
  custom:framework-win-MediaFoundation: 216162199b28c13a410421893ffa2e32 -> 
  custom:video-decoder-ogg-theora: a1e56fd34408186e4bbccfd4996cb3dc -> 
  custom:container-muxer-webm: aa71ff27fc2769a1b78a27578f13a17b -> 
  custom:container-demuxer-webm: 4f35f7cbe854078d1ac9338744f61a02 -> 
  custom:container-demuxer-ogg: 62fdf1f143b41e24485cea50d1cbac27 -> 
  custom:video-encoder-webm-vp8: eb34c28f22e8b96e1ab97ce403110664 -> 
  custom:video-decoder-webm-vp8: 9c59270c3fd7afecdb556c50c9e8de78 -> 
  custom:audio-decoder-ogg-vorbis: bf7c407c2cedff20999df2af8eb42d56 -> 
  custom:audio-encoder-webm-vorbis: bf7c407c2cedff20999df2af8eb42d56 -> 
========================================================================
Received Prepare
Refreshing native plugins compatible for Editor in 2.59 ms, found 2 plugins.
Preloading 0 native plugins for Editor in 0.00 ms.
Unloading 10 Unused Serialized files (Serialized files now loaded: 0)
System memory in use before: 50.6 MB.
System memory in use after: 50.7 MB.

Unloading 10 unused Assets to reduce memory usage. Loaded Objects now: 2496.
Total: 5.543600 ms (FindLiveObjects: 0.187100 ms CreateObjectMapping: 0.103400 ms MarkObjects: 5.198100 ms  DeleteObjects: 0.040400 ms)

AssetImportParameters requested are different than current active one (requested -> active):
  custom:framework-win-MediaFoundation: 216162199b28c13a410421893ffa2e32 -> 
  custom:video-decoder-ogg-theora: a1e56fd34408186e4bbccfd4996cb3dc -> 
  custom:container-muxer-webm: aa71ff27fc2769a1b78a27578f13a17b -> 
  custom:container-demuxer-webm: 4f35f7cbe854078d1ac9338744f61a02 -> 
  custom:container-demuxer-ogg: 62fdf1f143b41e24485cea50d1cbac27 -> 
  custom:video-encoder-webm-vp8: eb34c28f22e8b96e1ab97ce403110664 -> 
  custom:video-decoder-webm-vp8: 9c59270c3fd7afecdb556c50c9e8de78 -> 
  custom:audio-decoder-ogg-vorbis: bf7c407c2cedff20999df2af8eb42d56 -> 
  custom:audio-encoder-webm-vorbis: bf7c407c2cedff20999df2af8eb42d56 -> 
========================================================================
Received Import Request.
  Time since last request: 417.706637 seconds.
  path: Assets/Furniture_ges1/scene
  artifactKey: Guid(ab05e732df188004fac19a00396643bb) Importer(815301076,1909f56bfc062723c751e8b465ee728b)
Start importing Assets/Furniture_ges1/scene using Guid(ab05e732df188004fac19a00396643bb) Importer(815301076,1909f56bfc062723c751e8b465ee728b)  -> (artifact id: '3c214a75fa0dc8fef600b6981db52567') in 0.003383 seconds 
========================================================================
Received Import Request.
  Time since last request: 0.165687 seconds.
  path: Assets/Furniture_ges1/scene/Lightmap-0_comp_dir.png
  artifactKey: Guid(e87e38915f11d0343b81b00ec74c4ca9) Importer(815301076,1909f56bfc062723c751e8b465ee728b)
Start importing Assets/Furniture_ges1/scene/Lightmap-0_comp_dir.png using Guid(e87e38915f11d0343b81b00ec74c4ca9) Importer(815301076,1909f56bfc062723c751e8b465ee728b)  -> (artifact id: 'c70dc9b2b9a91442aa847fe5e19a2298') in 0.113347 seconds 
========================================================================
Received Import Request.
  Time since last request: 0.000435 seconds.
  path: Assets/Furniture_ges1/scene/ReflectionProbe-0.exr
  artifactKey: Guid(364e3c2ec1b6dc441a6f610db70a5b60) Importer(815301076,1909f56bfc062723c751e8b465ee728b)
Start importing Assets/Furniture_ges1/scene/ReflectionProbe-0.exr using Guid(364e3c2ec1b6dc441a6f610db70a5b60) Importer(815301076,1909f56bfc062723c751e8b465ee728b)  -> (artifact id: '10119b0fb1516da40e4119721e5a8cce') in 0.083757 seconds 
========================================================================
Received Import Request.
  Time since last request: 0.000423 seconds.
  path: Assets/Furniture_ges1/scene/Lightmap-0_comp_light.exr
  artifactKey: Guid(f5a2f3cf905d45b47ac46018ea2b3283) Importer(815301076,1909f56bfc062723c751e8b465ee728b)
Start importing Assets/Furniture_ges1/scene/Lightmap-0_comp_light.exr using Guid(f5a2f3cf905d45b47ac46018ea2b3283) Importer(815301076,1909f56bfc062723c751e8b465ee728b)  -> (artifact id: '5b28c92f9981a2be91f75ea19dc15034') in 0.057646 seconds 
========================================================================
Received Import Request.
  Time since last request: 0.000222 seconds.
  path: Assets/Furniture_ges1/scene/Lightmap-1_comp_dir.png
  artifactKey: Guid(512b1e993890c7b46a24f8ba4af81301) Importer(815301076,1909f56bfc062723c751e8b465ee728b)
Start importing Assets/Furniture_ges1/scene/Lightmap-1_comp_dir.png using Guid(512b1e993890c7b46a24f8ba4af81301) Importer(815301076,1909f56bfc062723c751e8b465ee728b)  -> (artifact id: '78e073bbb38fd2a96b7b1f47eba6f905') in 0.025999 seconds 
========================================================================
Received Import Request.
  Time since last request: 0.000762 seconds.
  path: Assets/Furniture_ges1/scene/ReflectionProbe-1.exr
  artifactKey: Guid(411038e019fc4044d912f7bb0cefcdf6) Importer(815301076,1909f56bfc062723c751e8b465ee728b)
Start importing Assets/Furniture_ges1/scene/ReflectionProbe-1.exr using Guid(411038e019fc4044d912f7bb0cefcdf6) Importer(815301076,1909f56bfc062723c751e8b465ee728b)  -> (artifact id: '4e9f5ab307c6138761cfe94ce04e681d') in 0.017062 seconds 
========================================================================
Received Import Request.
  Time since last request: 0.000575 seconds.
  path: Assets/Furniture_ges1/scene/Lightmap-1_comp_light.exr
  artifactKey: Guid(bec6bc10a9ffbb84a9652db496801c30) Importer(815301076,1909f56bfc062723c751e8b465ee728b)
Start importing Assets/Furniture_ges1/scene/Lightmap-1_comp_light.exr using Guid(bec6bc10a9ffbb84a9652db496801c30) Importer(815301076,1909f56bfc062723c751e8b465ee728b)  -> (artifact id: 'e9611188796d887c080264f3d6023f87') in 0.022412 seconds 
AssetImportWorkerClient::OnTransportError - code=2 error=End of file
